# JRE version: OpenJDK Runtime Environment Temurin-21.0.9+10 (21.0.9+10) (build 21.0.9+10-LTS)
# Java VM: OpenJDK 64-Bit Server VM Temurin-21.0.9+10 (21.0.9+10-LTS, mixed mode, sharing, tiered, compressed oops, compressed class ptrs, parallel gc, windows-amd64)
GC Precious Log:
 CardTable entry size: 512
 CPUs: 12 total, 12 available
 Memory: 7549M
 Large Page Support: Disabled
 NUMA Support: Disabled
 Compressed Oops: Enabled (32-bit)
 Alignments: Space 512K, Generation 512K, Heap 2M
 Heap Min Capacity: 100M
 Heap Initial Capacity: 100M
 Heap Max Capacity: 2G
 Pre-touch: Disabled
 Parallel Workers: 10
Heap:
 PSYoungGen      total 13312K, used 4799K [0x00000000d5580000, 0x00000000d6880000, 0x0000000100000000)
  eden space 9216K, 39% used [0x00000000d5580000,0x00000000d590be28,0x00000000d5e80000)
  from space 4096K, 28% used [0x00000000d6180000,0x00000000d62a4010,0x00000000d6580000)
  to   space 2048K, 0% used [0x00000000d6680000,0x00000000d6680000,0x00000000d6880000)
 ParOldGen       total 1134080K, used 589613K [0x0000000080000000, 0x00000000c5380000, 0x00000000d5580000)
  object space 1134080K, 51% used [0x0000000080000000,0x00000000a3fcb668,0x00000000c5380000)
 Metaspace       used 98956K, committed 100672K, reserved 1179648K
  class space    used 9982K, committed 10752K, reserved 1048576K
GC Heap History (20 events):
Event: 22478.445 GC heap before
{Heap before GC invocations=2584 (full 6):
 PSYoungGen      total 15360K, used 15348K [0x00000000d5580000, 0x00000000d6a00000, 0x0000000100000000)
  eden space 14336K, 100% used [0x00000000d5580000,0x00000000d6380000,0x00000000d6380000)
  from space 1024K, 98% used [0x00000000d6800000,0x00000000d68fd240,0x00000000d6900000)
  to   space 1024K, 0% used [0x00000000d6900000,0x00000000d6900000,0x00000000d6a00000)
 ParOldGen       total 1134080K, used 567912K [0x0000000080000000, 0x00000000c5380000, 0x00000000d5580000)
  object space 1134080K, 50% used [0x0000000080000000,0x00000000a2a9a208,0x00000000c5380000)
 Metaspace       used 98949K, committed 100672K, reserved 1179648K
  class space    used 9982K, committed 10752K, reserved 1048576K
}
Event: 22478.450 GC heap after
{Heap after GC invocations=2584 (full 6):
 PSYoungGen      total 15360K, used 1012K [0x00000000d5580000, 0x00000000d6a00000, 0x0000000100000000)
  eden space 14336K, 0% used [0x00000000d5580000,0x00000000d5580000,0x00000000d6380000)
  from space 1024K, 98% used [0x00000000d6900000,0x00000000d69fd200,0x00000000d6a00000)
  to   space 2560K, 0% used [0x00000000d6500000,0x00000000d6500000,0x00000000d6780000)
 ParOldGen       total 1134080K, used 568893K [0x0000000080000000, 0x00000000c5380000, 0x00000000d5580000)
  object space 1134080K, 50% used [0x0000000080000000,0x00000000a2b8f458,0x00000000c5380000)
 Metaspace       used 98949K, committed 100672K, reserved 1179648K
  class space    used 9982K, committed 10752K, reserved 1048576K
}
Event: 22479.320 GC heap before
{Heap before GC invocations=2585 (full 6):
 PSYoungGen      total 15360K, used 15348K [0x00000000d5580000, 0x00000000d6a00000, 0x0000000100000000)
  eden space 14336K, 100% used [0x00000000d5580000,0x00000000d6380000,0x00000000d6380000)
  from space 1024K, 98% used [0x00000000d6900000,0x00000000d69fd200,0x00000000d6a00000)
  to   space 2560K, 0% used [0x00000000d6500000,0x00000000d6500000,0x00000000d6780000)
 ParOldGen       total 1134080K, used 568893K [0x0000000080000000, 0x00000000c5380000, 0x00000000d5580000)
  object space 1134080K, 50% used [0x0000000080000000,0x00000000a2b8f458,0x00000000c5380000)
 Metaspace       used 98951K, committed 100672K, reserved 1179648K
  class space    used 9982K, committed 10752K, reserved 1048576K
}
Event: 22479.327 GC heap after
{Heap after GC invocations=2585 (full 6):
 PSYoungGen      total 16896K, used 1678K [0x00000000d5580000, 0x00000000d6980000, 0x0000000100000000)
  eden space 14336K, 0% used [0x00000000d5580000,0x00000000d5580000,0x00000000d6380000)
  from space 2560K, 65% used [0x00000000d6500000,0x00000000d66a3b20,0x00000000d6780000)
  to   space 2048K, 0% used [0x00000000d6780000,0x00000000d6780000,0x00000000d6980000)
 ParOldGen       total 1134080K, used 569865K [0x0000000080000000, 0x00000000c5380000, 0x00000000d5580000)
  object space 1134080K, 50% used [0x0000000080000000,0x00000000a2c82698,0x00000000c5380000)
 Metaspace       used 98951K, committed 100672K, reserved 1179648K
  class space    used 9982K, committed 10752K, reserved 1048576K
}
Event: 22479.511 GC heap before
{Heap before GC invocations=2586 (full 6):
 PSYoungGen      total 16896K, used 16014K [0x00000000d5580000, 0x00000000d6980000, 0x0000000100000000)
  eden space 14336K, 100% used [0x00000000d5580000,0x00000000d6380000,0x00000000d6380000)
  from space 2560K, 65% used [0x00000000d6500000,0x00000000d66a3b20,0x00000000d6780000)
  to   space 2048K, 0% used [0x00000000d6780000,0x00000000d6780000,0x00000000d6980000)
 ParOldGen       total 1134080K, used 569865K [0x0000000080000000, 0x00000000c5380000, 0x00000000d5580000)
  object space 1134080K, 50% used [0x0000000080000000,0x00000000a2c82698,0x00000000c5380000)
 Metaspace       used 98951K, committed 100672K, reserved 1179648K
  class space    used 9982K, committed 10752K, reserved 1048576K
}
Event: 22479.519 GC heap after
{Heap after GC invocations=2586 (full 6):
 PSYoungGen      total 15872K, used 1252K [0x00000000d5580000, 0x00000000d6900000, 0x0000000100000000)
  eden space 14336K, 0% used [0x00000000d5580000,0x00000000d5580000,0x00000000d6380000)
  from space 1536K, 81% used [0x00000000d6780000,0x00000000d68b9210,0x00000000d6900000)
  to   space 1536K, 0% used [0x00000000d6600000,0x00000000d6600000,0x00000000d6780000)
 ParOldGen       total 1134080K, used 571338K [0x0000000080000000, 0x00000000c5380000, 0x00000000d5580000)
  object space 1134080K, 50% used [0x0000000080000000,0x00000000a2df2ad8,0x00000000c5380000)
 Metaspace       used 98951K, committed 100672K, reserved 1179648K
  class space    used 9982K, committed 10752K, reserved 1048576K
}
Event: 22480.184 GC heap before
{Heap before GC invocations=2587 (full 6):
 PSYoungGen      total 15872K, used 15282K [0x00000000d5580000, 0x00000000d6900000, 0x0000000100000000)
  eden space 14336K, 97% used [0x00000000d5580000,0x00000000d63338f0,0x00000000d6380000)
  from space 1536K, 81% used [0x00000000d6780000,0x00000000d68b9210,0x00000000d6900000)
  to   space 1536K, 0% used [0x00000000d6600000,0x00000000d6600000,0x00000000d6780000)
 ParOldGen       total 1134080K, used 571338K [0x0000000080000000, 0x00000000c5380000, 0x00000000d5580000)
  object space 1134080K, 50% used [0x0000000080000000,0x00000000a2df2ad8,0x00000000c5380000)
 Metaspace       used 98953K, committed 100672K, reserved 1179648K
  class space    used 9982K, committed 10752K, reserved 1048576K
}
Event: 22480.191 GC heap after
{Heap after GC invocations=2587 (full 6):
 PSYoungGen      total 14848K, used 410K [0x00000000d5580000, 0x00000000d6800000, 0x0000000100000000)
  eden space 14336K, 0% used [0x00000000d5580000,0x00000000d5580000,0x00000000d6380000)
  from space 512K, 80% used [0x00000000d6600000,0x00000000d6666900,0x00000000d6680000)
  to   space 1024K, 0% used [0x00000000d6700000,0x00000000d6700000,0x00000000d6800000)
 ParOldGen       total 1134080K, used 572487K [0x0000000080000000, 0x00000000c5380000, 0x00000000d5580000)
  object space 1134080K, 50% used [0x0000000080000000,0x00000000a2f11d28,0x00000000c5380000)
 Metaspace       used 98953K, committed 100672K, reserved 1179648K
  class space    used 9982K, committed 10752K, reserved 1048576K
}
Event: 22480.217 GC heap before
{Heap before GC invocations=2588 (full 6):
 PSYoungGen      total 14848K, used 14746K [0x00000000d5580000, 0x00000000d6800000, 0x0000000100000000)
  eden space 14336K, 100% used [0x00000000d5580000,0x00000000d6380000,0x00000000d6380000)
  from space 512K, 80% used [0x00000000d6600000,0x00000000d6666900,0x00000000d6680000)
  to   space 1024K, 0% used [0x00000000d6700000,0x00000000d6700000,0x00000000d6800000)
 ParOldGen       total 1134080K, used 572487K [0x0000000080000000, 0x00000000c5380000, 0x00000000d5580000)
  object space 1134080K, 50% used [0x0000000080000000,0x00000000a2f11d28,0x00000000c5380000)
 Metaspace       used 98953K, committed 100672K, reserved 1179648K
  class space    used 9982K, committed 10752K, reserved 1048576K
}
Event: 22480.253 GC heap after
{Heap after GC invocations=2588 (full 6):
 PSYoungGen      total 8704K, used 1001K [0x00000000d5580000, 0x00000000d7780000, 0x0000000100000000)
  eden space 7680K, 0% used [0x00000000d5580000,0x00000000d5580000,0x00000000d5d00000)
  from space 1024K, 97% used [0x00000000d6700000,0x00000000d67fa7b0,0x00000000d6800000)
  to   space 10240K, 0% used [0x00000000d5d00000,0x00000000d5d00000,0x00000000d6700000)
 ParOldGen       total 1134080K, used 580047K [0x0000000080000000, 0x00000000c5380000, 0x00000000d5580000)
  object space 1134080K, 51% used [0x0000000080000000,0x00000000a3673dc8,0x00000000c5380000)
 Metaspace       used 98953K, committed 100672K, reserved 1179648K
  class space    used 9982K, committed 10752K, reserved 1048576K
}
Event: 22480.265 GC heap before
{Heap before GC invocations=2589 (full 6):
 PSYoungGen      total 8704K, used 8681K [0x00000000d5580000, 0x00000000d7780000, 0x0000000100000000)
  eden space 7680K, 100% used [0x00000000d5580000,0x00000000d5d00000,0x00000000d5d00000)
  from space 1024K, 97% used [0x00000000d6700000,0x00000000d67fa7b0,0x00000000d6800000)
  to   space 10240K, 0% used [0x00000000d5d00000,0x00000000d5d00000,0x00000000d6700000)
 ParOldGen       total 1134080K, used 580047K [0x0000000080000000, 0x00000000c5380000, 0x00000000d5580000)
  object space 1134080K, 51% used [0x0000000080000000,0x00000000a3673dc8,0x00000000c5380000)
 Metaspace       used 98953K, committed 100672K, reserved 1179648K
  class space    used 9982K, committed 10752K, reserved 1048576K
}
Event: 22480.283 GC heap after
{Heap after GC invocations=2589 (full 6):
 PSYoungGen      total 9216K, used 1040K [0x00000000d5580000, 0x00000000d6780000, 0x0000000100000000)
  eden space 7680K, 0% used [0x00000000d5580000,0x00000000d5580000,0x00000000d5d00000)
  from space 1536K, 67% used [0x00000000d5d00000,0x00000000d5e04010,0x00000000d5e80000)
  to   space 4096K, 0% used [0x00000000d6380000,0x00000000d6380000,0x00000000d6780000)
 ParOldGen       total 1134080K, used 581088K [0x0000000080000000, 0x00000000c5380000, 0x00000000d5580000)
  object space 1134080K, 51% used [0x0000000080000000,0x00000000a3778108,0x00000000c5380000)
 Metaspace       used 98953K, committed 100672K, reserved 1179648K
  class space    used 9982K, committed 10752K, reserved 1048576K
}
Event: 22490.294 GC heap before
{Heap before GC invocations=2590 (full 6):
 PSYoungGen      total 9216K, used 8720K [0x00000000d5580000, 0x00000000d6780000, 0x0000000100000000)
  eden space 7680K, 100% used [0x00000000d5580000,0x00000000d5d00000,0x00000000d5d00000)
  from space 1536K, 67% used [0x00000000d5d00000,0x00000000d5e04010,0x00000000d5e80000)
  to   space 4096K, 0% used [0x00000000d6380000,0x00000000d6380000,0x00000000d6780000)
 ParOldGen       total 1134080K, used 581088K [0x0000000080000000, 0x00000000c5380000, 0x00000000d5580000)
  object space 1134080K, 51% used [0x0000000080000000,0x00000000a3778108,0x00000000c5380000)
 Metaspace       used 98956K, committed 100672K, reserved 1179648K
  class space    used 9982K, committed 10752K, reserved 1048576K
}
Event: 22490.301 GC heap after
{Heap after GC invocations=2590 (full 6):
 PSYoungGen      total 10240K, used 928K [0x00000000d5580000, 0x00000000d6480000, 0x0000000100000000)
  eden space 9216K, 0% used [0x00000000d5580000,0x00000000d5580000,0x00000000d5e80000)
  from space 1024K, 90% used [0x00000000d6380000,0x00000000d6468000,0x00000000d6480000)
  to   space 1536K, 0% used [0x00000000d6180000,0x00000000d6180000,0x00000000d6300000)
 ParOldGen       total 1134080K, used 581984K [0x0000000080000000, 0x00000000c5380000, 0x00000000d5580000)
  object space 1134080K, 51% used [0x0000000080000000,0x00000000a3858148,0x00000000c5380000)
 Metaspace       used 98956K, committed 100672K, reserved 1179648K
  class space    used 9982K, committed 10752K, reserved 1048576K
}
Event: 22507.487 GC heap before
{Heap before GC invocations=2591 (full 6):
 PSYoungGen      total 10240K, used 10144K [0x00000000d5580000, 0x00000000d6480000, 0x0000000100000000)
  eden space 9216K, 100% used [0x00000000d5580000,0x00000000d5e80000,0x00000000d5e80000)
  from space 1024K, 90% used [0x00000000d6380000,0x00000000d6468000,0x00000000d6480000)
  to   space 1536K, 0% used [0x00000000d6180000,0x00000000d6180000,0x00000000d6300000)
 ParOldGen       total 1134080K, used 581984K [0x0000000080000000, 0x00000000c5380000, 0x00000000d5580000)
  object space 1134080K, 51% used [0x0000000080000000,0x00000000a3858148,0x00000000c5380000)
 Metaspace       used 98956K, committed 100672K, reserved 1179648K
  class space    used 9982K, committed 10752K, reserved 1048576K
}
Event: 22507.513 GC heap after
{Heap after GC invocations=2591 (full 6):
 PSYoungGen      total 10752K, used 1513K [0x00000000d5580000, 0x00000000d7180000, 0x0000000100000000)
  eden space 9216K, 0% used [0x00000000d5580000,0x00000000d5580000,0x00000000d5e80000)
  from space 1536K, 98% used [0x00000000d6180000,0x00000000d62fa7b0,0x00000000d6300000)
  to   space 9728K, 0% used [0x00000000d6800000,0x00000000d6800000,0x00000000d7180000)
 ParOldGen       total 1134080K, used 588504K [0x0000000080000000, 0x00000000c5380000, 0x00000000d5580000)
  object space 1134080K, 51% used [0x0000000080000000,0x00000000a3eb6148,0x00000000c5380000)
 Metaspace       used 98956K, committed 100672K, reserved 1179648K
  class space    used 9982K, committed 10752K, reserved 1048576K
}
Event: 22507.526 GC heap before
{Heap before GC invocations=2592 (full 6):
 PSYoungGen      total 10752K, used 10729K [0x00000000d5580000, 0x00000000d7180000, 0x0000000100000000)
  eden space 9216K, 100% used [0x00000000d5580000,0x00000000d5e80000,0x00000000d5e80000)
  from space 1536K, 98% used [0x00000000d6180000,0x00000000d62fa7b0,0x00000000d6300000)
  to   space 9728K, 0% used [0x00000000d6800000,0x00000000d6800000,0x00000000d7180000)
 ParOldGen       total 1134080K, used 588504K [0x0000000080000000, 0x00000000c5380000, 0x00000000d5580000)
  object space 1134080K, 51% used [0x0000000080000000,0x00000000a3eb6148,0x00000000c5380000)
 Metaspace       used 98956K, committed 100672K, reserved 1179648K
  class space    used 9982K, committed 10752K, reserved 1048576K
}
Event: 22507.528 GC heap after
{Heap after GC invocations=2592 (full 6):
 PSYoungGen      total 10752K, used 1210K [0x00000000d5580000, 0x00000000d6980000, 0x0000000100000000)
  eden space 9216K, 0% used [0x00000000d5580000,0x00000000d5580000,0x00000000d5e80000)
  from space 1536K, 78% used [0x00000000d6800000,0x00000000d692e900,0x00000000d6980000)
  to   space 4096K, 0% used [0x00000000d6180000,0x00000000d6180000,0x00000000d6580000)
 ParOldGen       total 1134080K, used 588568K [0x0000000080000000, 0x00000000c5380000, 0x00000000d5580000)
  object space 1134080K, 51% used [0x0000000080000000,0x00000000a3ec6148,0x00000000c5380000)
 Metaspace       used 98956K, committed 100672K, reserved 1179648K
  class space    used 9982K, committed 10752K, reserved 1048576K
}
Event: 22507.545 GC heap before
{Heap before GC invocations=2593 (full 6):
 PSYoungGen      total 10752K, used 10426K [0x00000000d5580000, 0x00000000d6980000, 0x0000000100000000)
  eden space 9216K, 100% used [0x00000000d5580000,0x00000000d5e80000,0x00000000d5e80000)
  from space 1536K, 78% used [0x00000000d6800000,0x00000000d692e900,0x00000000d6980000)
  to   space 4096K, 0% used [0x00000000d6180000,0x00000000d6180000,0x00000000d6580000)
 ParOldGen       total 1134080K, used 588568K [0x0000000080000000, 0x00000000c5380000, 0x00000000d5580000)
  object space 1134080K, 51% used [0x0000000080000000,0x00000000a3ec6148,0x00000000c5380000)
 Metaspace       used 98956K, committed 100672K, reserved 1179648K
  class space    used 9982K, committed 10752K, reserved 1048576K
}
Event: 22507.549 GC heap after
{Heap after GC invocations=2593 (full 6):
 PSYoungGen      total 13312K, used 1168K [0x00000000d5580000, 0x00000000d6880000, 0x0000000100000000)
  eden space 9216K, 0% used [0x00000000d5580000,0x00000000d5580000,0x00000000d5e80000)
  from space 4096K, 28% used [0x00000000d6180000,0x00000000d62a4010,0x00000000d6580000)
  to   space 2048K, 0% used [0x00000000d6680000,0x00000000d6680000,0x00000000d6880000)
 ParOldGen       total 1134080K, used 589613K [0x0000000080000000, 0x00000000c5380000, 0x00000000d5580000)
  object space 1134080K, 51% used [0x0000000080000000,0x00000000a3fcb668,0x00000000c5380000)
 Metaspace       used 98956K, committed 100672K, reserved 1179648K
  class space    used 9982K, committed 10752K, reserved 1048576K
}

